  calculator.c
C:\Users\엄세환\source\repos\dimensionarray\calculator.c(27,12): warning C4476: 'printf' : 서식 지정자에 알 수 없는 형식 필드 문자 ':'이(가) 있습니다.
C:\Users\엄세환\source\repos\dimensionarray\calculator.c(38,16): warning C4476: 'printf' : 서식 지정자에 알 수 없는 형식 필드 문자 ':'이(가) 있습니다.
C:\Users\엄세환\source\repos\dimensionarray\calculator.c(111,22): warning C4474: 'printf' : 서식 문자열에 전달된 인수가 너무 많습니다.
C:\Users\엄세환\source\repos\dimensionarray\calculator.c(111,22): message : 자리 표시자 및 해당 매개 변수에는 variadic 인수가 0개 필요하지만 1개가 제공되었습니다.
C:\Users\엄세환\source\repos\dimensionarray\calculator.c(117,22): warning C4474: 'printf' : 서식 문자열에 전달된 인수가 너무 많습니다.
C:\Users\엄세환\source\repos\dimensionarray\calculator.c(117,22): message : 자리 표시자 및 해당 매개 변수에는 variadic 인수가 0개 필요하지만 1개가 제공되었습니다.
C:\Users\엄세환\source\repos\dimensionarray\calculator.c(123,22): warning C4474: 'printf' : 서식 문자열에 전달된 인수가 너무 많습니다.
C:\Users\엄세환\source\repos\dimensionarray\calculator.c(123,22): message : 자리 표시자 및 해당 매개 변수에는 variadic 인수가 0개 필요하지만 1개가 제공되었습니다.
  Darray.c
C:\Users\엄세환\source\repos\dimensionarray\Darray.c(36,11): warning C4013: '_getch'이(가) 정의되지 않았습니다. extern은 int형을 반환하는 것으로 간주합니다.
  input.c
C:\Users\엄세환\source\repos\dimensionarray\input.c(29,13): warning C4013: 'halt'이(가) 정의되지 않았습니다. extern은 int형을 반환하는 것으로 간주합니다.
C:\Users\엄세환\source\repos\dimensionarray\input.c(35,30): warning C4013: '_getch'이(가) 정의되지 않았습니다. extern은 int형을 반환하는 것으로 간주합니다.
  iomat.c
C:\Users\엄세환\source\repos\dimensionarray\iomat.c(63,29): warning C4477: 'printf' : 서식 문자열 '%.*lf'에 'double' 형식의 인수가 필요하지만 variadic 인수 2의 형식이 'int'입니다.
C:\Users\엄세환\source\repos\dimensionarray\iomat.c(63,29): message : 이 인수는 변환 지정자에서 사용됩니다.
C:\Users\엄세환\source\repos\dimensionarray\iomat.c(84,29): warning C4477: 'printf' : 서식 문자열 '%lf'에 'double' 형식의 인수가 필요하지만 variadic 인수 1의 형식이 'int'입니다.
C:\Users\엄세환\source\repos\dimensionarray\iomat.c(21,41): warning C4101: 'k' :참조되지 않은 지역 변수입니다.
C:\Users\엄세환\source\repos\dimensionarray\iomat.c(21,77): warning C4101: 'b0' :참조되지 않은 지역 변수입니다.
C:\Users\엄세환\source\repos\dimensionarray\iomat.c(149,33): warning C4311: '형식 캐스트': 'char *'에서 'int'(으)로 포인터가 잘립니다.
C:\Users\엄세환\source\repos\dimensionarray\iomat.c(154,19): warning C4553: '==': 식의 결과가 사용되지 않습니다. '='을(를) 의도했습니까?
C:\Users\엄세환\source\repos\dimensionarray\iomat.c(155,19): warning C4553: '==': 식의 결과가 사용되지 않습니다. '='을(를) 의도했습니까?
  matcal.c
C:\Users\엄세환\source\repos\dimensionarray\matcal.c(137,43): warning C4244: '+=': 'double'에서 'int'(으)로 변환하면서 데이터가 손실될 수 있습니다.
  matlib.c
C:\Users\엄세환\source\repos\dimensionarray\matlib.c(15,22): warning C4133: '=': 'char **'과(와) 'double **' 사이의 형식이 호환되지 않습니다.
C:\Users\엄세환\source\repos\dimensionarray\matlib.c(21,23): warning C4133: '=': 'short **'과(와) 'double **' 사이의 형식이 호환되지 않습니다.
C:\Users\엄세환\source\repos\dimensionarray\matlib.c(32,23): warning C4133: '=': 'float **'과(와) 'double **' 사이의 형식이 호환되지 않습니다.
C:\Users\엄세환\source\repos\dimensionarray\matlib.c(34,23): warning C4013: '_msize'이(가) 정의되지 않았습니다. extern은 int형을 반환하는 것으로 간주합니다.
C:\Users\엄세환\source\repos\dimensionarray\matlib.c(40,24): warning C4013: 'malloc'이(가) 정의되지 않았습니다. extern은 int형을 반환하는 것으로 간주합니다.
C:\Users\엄세환\source\repos\dimensionarray\matlib.c(43,22): warning C4013: 'calloc'이(가) 정의되지 않았습니다. extern은 int형을 반환하는 것으로 간주합니다.
C:\Users\엄세환\source\repos\dimensionarray\matlib.c(43,41): warning C4047: '=': 'double *'의 간접 참조 수준이 'int'과(와) 다릅니다.
C:\Users\엄세환\source\repos\dimensionarray\matlib.c(40,1): warning C4047: '초기화 중': 'double **'의 간접 참조 수준이 'int'과(와) 다릅니다.
  코드를 생성하고 있습니다...
C:\Users\엄세환\source\repos\dimensionarray\calculator.c(131): warning C4715: 'calc': 모든 제어 경로에서 값을 반환하지는 않습니다.
  LINK : C:\Users\엄세환\source\repos\dimensionarray\x64\Debug\dimensionarray.exe을(를) 찾을 수 없거나 마지막 증분 링크에 의해 빌드되지 않았습니다. 전체 링크를 수행하고 있습니다.
  dimensionarray.vcxproj -> C:\Users\엄세환\source\repos\dimensionarray\x64\Debug\dimensionarray.exe
